Certificate #0
====================================
所有者: CN=gradle.org, O="Cloudflare, Inc.", L=San Francisco, ST=CA, C=US
发布者: CN=GlobalSign Root CA, C=EN
序列号: 8675f6868306f95a630d0e733c7ed78d
有效期为 Sun Jul 05 08:00:00 CST 2020 至 Mon Jul 05 20:00:00 CST 2021
证书指纹:
	 MD5:  FF:AB:65:A6:81:77:81:FC:AE:7A:60:FB:44:90:FA:66
	 SHA1: 69:FC:93:47:11:5B:60:1B:19:38:12:47:BE:CF:24:D5:25:CF:76:EF
	 SHA256: 9C:FE:39:AB:3D:2C:B8:FC:8E:DB:90:1D:57:9F:3F:94:96:3F:3F:95:2E:B1:52:56:57:BB:CE:35:2C:AE:CA:E9
签名算法名称: SHA256withRSA
主体公共密钥算法: 1024 位 RSA 密钥
版本: 3

扩展: 

#1: ObjectId: 2.5.29.19 Criticality=true
BasicConstraints:[
  CA:false
  PathLen: undefined
]

#2: ObjectId: 2.5.29.37 Criticality=false
ExtendedKeyUsages [
  serverAuth
  clientAuth
]

#3: ObjectId: 2.5.29.17 Criticality=false
SubjectAlternativeName [
  DNSName: gradle.org
  DNSName: *.gradle.org
]


