CONNECTED(00000208)
---
Certificate chain
 0 s:C = US, ST = CA, L = San Francisco, O = "Cloudflare, Inc.", CN = gradle.org
   i:C = US, O = "Cloudflare, Inc.", CN = Cloudflare Inc ECC CA-3
-----BEGIN CERTIFICATE-----
MIIEnzCCBEWgAwIBAgIQC2jhGpa49UWe9r4YHrNktzAKBggqhkjOPQQDAjBKMQsw
CQYDVQQGEwJVUzEZMBcGA1UEChMQQ2xvdWRmbGFyZSwgSW5jLjEgMB4GA1UEAxMX
Q2xvdWRmbGFyZSBJbmMgRUNDIENBLTMwHhcNMjAwNzA1MDAwMDAwWhcNMjEwNzA1
MTIwMDAwWjBiMQswCQYDVQQGEwJVUzELMAkGA1UECBMCQ0ExFjAUBgNVBAcTDVNh
biBGcmFuY2lzY28xGTAXBgNVBAoTEENsb3VkZmxhcmUsIEluYy4xEzARBgNVBAMT
CmdyYWRsZS5vcmcwWTATBgcqhkjOPQIBBggqhkjOPQMBBwNCAASCPFJeeUA3qe0K
xcWZxqtPj4C4NS1vQcEFXI9ylJjruxYZa7MQMV5Q+lyCbLL5jGXhVjiRfMzq5dDV
+VdQENg4o4IC8zCCAu8wHwYDVR0jBBgwFoAUpc436uuwdQ6UZ4i0RfrZJBCHlh8w
HQYDVR0OBBYEFESAOvoAhDjRvSDyq1V9/Qy7K/hQMCMGA1UdEQQcMBqCCmdyYWRs
ZS5vcmeCDCouZ3JhZGxlLm9yZzAOBgNVHQ8BAf8EBAMCB4AwHQYDVR0lBBYwFAYI
KwYBBQUHAwEGCCsGAQUFBwMCMHsGA1UdHwR0MHIwN6A1oDOGMWh0dHA6Ly9jcmwz
LmRpZ2ljZXJ0LmNvbS9DbG91ZGZsYXJlSW5jRUNDQ0EtMy5jcmwwN6A1oDOGMWh0
dHA6Ly9jcmw0LmRpZ2ljZXJ0LmNvbS9DbG91ZGZsYXJlSW5jRUNDQ0EtMy5jcmww
TAYDVR0gBEUwQzA3BglghkgBhv1sAQEwKjAoBggrBgEFBQcCARYcaHR0cHM6Ly93
d3cuZGlnaWNlcnQuY29tL0NQUzAIBgZngQwBAgIwdgYIKwYBBQUHAQEEajBoMCQG
CCsGAQUFBzABhhhodHRwOi8vb2NzcC5kaWdpY2VydC5jb20wQAYIKwYBBQUHMAKG
NGh0dHA6Ly9jYWNlcnRzLmRpZ2ljZXJ0LmNvbS9DbG91ZGZsYXJlSW5jRUNDQ0Et
My5jcnQwDAYDVR0TAQH/BAIwADCCAQYGCisGAQQB1nkCBAIEgfcEgfQA8gB3APZc
lC/RdzAiFFQYCDCUVo7jTRMZM7/fDC8gC8xO8WTjAAABcx6jc5MAAAQDAEgwRgIh
AJesXZmbVdpyt2i4BA33qU7xGcpHBXX7sveM+XCkeiBSAiEAgd1CocrHiyZSgGIi
oSyQt8yJo6sbrjqAKzYEYXsqkI0AdwBc3EOS/uarRUSxXprUVuYQN/vV+kfcoXOU
sl7m9scOygAAAXMeo3PHAAAEAwBIMEYCIQDWJ+GfewUrznX4meLsBGZ60nXfaHGc
gAF1dfmVYMEtawIhAIyMmvxNJhatPqFig4QQrXyj8TlSZzOu6Vk9QRcyUwE+MAoG
CCqGSM49BAMCA0gAMEUCIAZIXAZHnoOn049k6I6d6Fruoc0cG638fMQ3Gcr1mOgc
AiEA25NMHGuAw1lmbZiGbkH69g4iMUrXu0TqXaeI0FdYImw=
-----END CERTIFICATE-----
 1 s:C = US, O = "Cloudflare, Inc.", CN = Cloudflare Inc ECC CA-3
   i:C = IE, O = Baltimore, OU = CyberTrust, CN = Baltimore CyberTrust Root
-----BEGIN CERTIFICATE-----
MIIDzTCCArWgAwIBAgIQCjeHZF5ftIwiTv0b7RQMPDANBgkqhkiG9w0BAQsFADBa
MQswCQYDVQQGEwJJRTESMBAGA1UEChMJQmFsdGltb3JlMRMwEQYDVQQLEwpDeWJl
clRydXN0MSIwIAYDVQQDExlCYWx0aW1vcmUgQ3liZXJUcnVzdCBSb290MB4XDTIw
MDEyNzEyNDgwOFoXDTI0MTIzMTIzNTk1OVowSjELMAkGA1UEBhMCVVMxGTAXBgNV
BAoTEENsb3VkZmxhcmUsIEluYy4xIDAeBgNVBAMTF0Nsb3VkZmxhcmUgSW5jIEVD
QyBDQS0zMFkwEwYHKoZIzj0CAQYIKoZIzj0DAQcDQgAEua1NZpkUC0bsH4HRKlAe
nQMVLzQSfS2WuIg4m4Vfj7+7Te9hRsTJc9QkT+DuHM5ss1FxL2ruTAUJd9NyYqSb
16OCAWgwggFkMB0GA1UdDgQWBBSlzjfq67B1DpRniLRF+tkkEIeWHzAfBgNVHSME
GDAWgBTlnVkwgkdYzKz6CFQ2hns6tQRN8DAOBgNVHQ8BAf8EBAMCAYYwHQYDVR0l
BBYwFAYIKwYBBQUHAwEGCCsGAQUFBwMCMBIGA1UdEwEB/wQIMAYBAf8CAQAwNAYI
KwYBBQUHAQEEKDAmMCQGCCsGAQUFBzABhhhodHRwOi8vb2NzcC5kaWdpY2VydC5j
b20wOgYDVR0fBDMwMTAvoC2gK4YpaHR0cDovL2NybDMuZGlnaWNlcnQuY29tL09t
bmlyb290MjAyNS5jcmwwbQYDVR0gBGYwZDA3BglghkgBhv1sAQEwKjAoBggrBgEF
BQcCARYcaHR0cHM6Ly93d3cuZGlnaWNlcnQuY29tL0NQUzALBglghkgBhv1sAQIw
CAYGZ4EMAQIBMAgGBmeBDAECAjAIBgZngQwBAgMwDQYJKoZIhvcNAQELBQADggEB
AAUkHd0bsCrrmNaF4zlNXmtXnYJX/OvoMaJXkGUFvhZEOFp3ArnPEELG4ZKk40Un
+ABHLGioVplTVI+tnkDB0A+21w0LOEhsUCxJkAZbZB2LzEgwLt4I4ptJIsCSDBFe
lpKU1fwg3FZs5ZKTv3ocwDfjhUkV+ivhdDkYD7fa86JXWGBPzI6UAPxGezQxPk1H
goE6y/SJXQ7vTQ1unBuCJN0yJV0ReFEQPaA1IwQvZW+cwdFD19Ae8zFnWSfda9J1
CZMRJCQUzym+5iPDuI9yP+kHyCREU3qzuWFloUwOxkgAyXVjBYdwRVKD05WdRerw
6DEdfgkfCv4+3ao8XnTSrLE=
-----END CERTIFICATE-----
---
Server certificate
subject=C = US, ST = CA, L = San Francisco, O = "Cloudflare, Inc.", CN = gradle.org

issuer=C = US, O = "Cloudflare, Inc.", CN = Cloudflare Inc ECC CA-3

---
No client certificate CA names sent
Peer signing digest: SHA256
Peer signature type: ECDSA
Server Temp Key: X25519, 253 bits
---
SSL handshake has read 2632 bytes and written 406 bytes
Verification: OK
---
New, TLSv1.2, Cipher is ECDHE-ECDSA-CHACHA20-POLY1305
Server public key is 256 bit
Secure Renegotiation IS supported
Compression: NONE
Expansion: NONE
No ALPN negotiated
SSL-Session:
    Protocol  : TLSv1.2
    Cipher    : ECDHE-ECDSA-CHACHA20-POLY1305
    Session-ID: 95135E5D779A7F7E5CF8C07FD69B6E63192EFF3D99761FB39340A9C1034BED7F
    Session-ID-ctx: 
    Master-Key: 3AB89BD012B1CA5CB078B235FF9F9D36CC312661D0607504280A6454DF813290E5D4315A632F2C86718DB9CF01E5A885
    PSK identity: None
    PSK identity hint: None
    SRP username: None
    TLS session ticket lifetime hint: 64800 (seconds)
    TLS session ticket:
    0000 - c7 47 50 62 22 4d 41 12-c7 b8 2d 0f 5d 09 96 9a   .GPb"MA...-.]...
    0010 - eb 25 31 98 99 3a 44 57-97 5c 2f 6b e9 25 83 2e   .%1..:DW.\/k.%..
    0020 - 1f dc f6 14 c6 56 dd 54-33 91 52 49 59 a4 45 d3   .....V.T3.RIY.E.
    0030 - 77 d1 78 1a dd 9d f2 12-f8 3a ea 09 1d 43 0e bc   w.x......:...C..
    0040 - ec 7f 47 5d 0f f9 8f 80-67 31 45 5b 3d f5 a2 4d   ..G]....g1E[=..M
    0050 - cc dd d3 11 dc 5f f8 c7-fa 66 4c e3 c7 a9 a5 da   ....._...fL.....
    0060 - 60 5f 41 50 f0 af fc 0d-26 07 75 33 15 a6 6d dd   `_AP....&.u3..m.
    0070 - ae e5 ca 59 b9 dc 54 df-f4 1d e8 d1 a8 a0 f8 d2   ...Y..T.........
    0080 - 88 1e b3 88 06 e6 b2 64-42 7a d0 0a 6c 1a aa 3d   .......dBz..l..=
    0090 - 42 27 d4 d1 3a 84 13 9c-ab b0 e9 9b 04 0b 6a 54   B'..:.........jT
    00a0 - 3b ce 02 90 bc 30 95 20-61 0e b2 ff f9 1f 2d 38   ;....0. a.....-8
    00b0 - a3 72 41 0a 23 36 33 5b-43 19 69 f6 31 3f f0 45   .rA.#63[C.i.1?.E

    Start Time: 1597163863
    Timeout   : 7200 (sec)
    Verify return code: 0 (ok)
    Extended master secret: yes
---
